<?xml version="1.0" encoding="UTF-8"?>
<robot generator="Robot 4.1.3 (Python 3.9.6 on win32)" generated="20220117 09:53:26.648" rpa="false" schemaversion="2">
<suite id="s1" name="Valida Login" source="C:\Users\halison.r.vitorino\git\Curso_robotframework_4\web\tests\valida_login.robot">
<test id="s1-t1" name="Valida login valido">
<kw name="Abre o Browser" library="base" type="SETUP">
<kw name="Open Browser" library="SeleniumLibrary">
<arg>${url}</arg>
<arg>chrome</arg>
<doc>Opens a new browser instance to the optional ``url``.</doc>
<msg timestamp="20220117 09:53:26.949" level="INFO">Opening browser 'chrome' to base url 'https://training-wheels-protocol.herokuapp.com'.</msg>
<status status="PASS" starttime="20220117 09:53:26.949" endtime="20220117 09:53:32.280"/>
</kw>
<status status="PASS" starttime="20220117 09:53:26.949" endtime="20220117 09:53:32.281"/>
</kw>
<kw name="Go To" library="SeleniumLibrary">
<arg>${url}/login</arg>
<doc>Navigates the current browser window to the provided ``url``.</doc>
<msg timestamp="20220117 09:53:32.282" level="INFO">Opening url 'https://training-wheels-protocol.herokuapp.com/login'</msg>
<status status="PASS" starttime="20220117 09:53:32.281" endtime="20220117 09:53:32.848"/>
</kw>
<kw name="Realiza login">
<arg>stark</arg>
<arg>jarvis!</arg>
<kw name="Input Text" library="SeleniumLibrary">
<arg>id:userId</arg>
<arg>${user}</arg>
<doc>Types the given ``text`` into the text field identified by ``locator``.</doc>
<msg timestamp="20220117 09:53:32.852" level="INFO">Typing text 'stark' into text field 'id:userId'.</msg>
<status status="PASS" starttime="20220117 09:53:32.851" endtime="20220117 09:53:33.008"/>
</kw>
<kw name="Input Text" library="SeleniumLibrary">
<arg>id:passId</arg>
<arg>${pass}</arg>
<doc>Types the given ``text`` into the text field identified by ``locator``.</doc>
<msg timestamp="20220117 09:53:33.008" level="INFO">Typing text 'jarvis!' into text field 'id:passId'.</msg>
<status status="PASS" starttime="20220117 09:53:33.008" endtime="20220117 09:53:33.090"/>
</kw>
<kw name="Click Button" library="SeleniumLibrary">
<arg>Login</arg>
<doc>Clicks the button identified by ``locator``.</doc>
<msg timestamp="20220117 09:53:33.091" level="INFO">Clicking button 'Login'.</msg>
<status status="PASS" starttime="20220117 09:53:33.090" endtime="20220117 09:53:33.733"/>
</kw>
<status status="PASS" starttime="20220117 09:53:32.850" endtime="20220117 09:53:33.733"/>
</kw>
<kw name="Valida Login">
<arg>Olá, Tony Stark. Você acessou a área logada!</arg>
<kw name="Wait Until Page Contains" library="SeleniumLibrary">
<arg>${mensagem_sucesso}</arg>
<doc>Waits until ``text`` appears on the current page.</doc>
<status status="PASS" starttime="20220117 09:53:33.735" endtime="20220117 09:53:33.803"/>
</kw>
<kw name="Page Should Contain" library="SeleniumLibrary">
<arg>${mensagem_sucesso}</arg>
<doc>Verifies that current page contains ``text``.</doc>
<msg timestamp="20220117 09:53:33.810" level="INFO">Current page contains text 'Olá, Tony Stark. Você acessou a área logada!'.</msg>
<status status="PASS" starttime="20220117 09:53:33.804" endtime="20220117 09:53:33.810"/>
</kw>
<status status="PASS" starttime="20220117 09:53:33.733" endtime="20220117 09:53:33.810"/>
</kw>
<kw name="Fecha Browser" library="base" type="TEARDOWN">
<kw name="Capture Page Screenshot" library="SeleniumLibrary">
<arg>evidencias/screenshot-{index}.png</arg>
<doc>Takes a screenshot of the current page and embeds it into a log file.</doc>
<msg timestamp="20220117 09:53:34.003" level="INFO" html="true">&lt;/td&gt;&lt;/tr&gt;&lt;tr&gt;&lt;td colspan="3"&gt;&lt;a href="evidencias/screenshot-4.png"&gt;&lt;img src="evidencias/screenshot-4.png" width="800px"&gt;&lt;/a&gt;</msg>
<status status="PASS" starttime="20220117 09:53:33.811" endtime="20220117 09:53:34.003"/>
</kw>
<kw name="Close Browser" library="SeleniumLibrary">
<doc>Closes the current browser.</doc>
<status status="PASS" starttime="20220117 09:53:34.003" endtime="20220117 09:53:36.386"/>
</kw>
<status status="PASS" starttime="20220117 09:53:33.811" endtime="20220117 09:53:36.386"/>
</kw>
<doc>Valida um login com sucesso</doc>
<tag>LOGIN VALIDO</tag>
<status status="PASS" starttime="20220117 09:53:26.948" endtime="20220117 09:53:36.386"/>
</test>
<test id="s1-t2" name="Valida login invalido">
<kw name="Abre o Browser" library="base" type="SETUP">
<kw name="Open Browser" library="SeleniumLibrary">
<arg>${url}</arg>
<arg>chrome</arg>
<doc>Opens a new browser instance to the optional ``url``.</doc>
<msg timestamp="20220117 09:53:36.389" level="INFO">Opening browser 'chrome' to base url 'https://training-wheels-protocol.herokuapp.com'.</msg>
<status status="PASS" starttime="20220117 09:53:36.389" endtime="20220117 09:53:40.713"/>
</kw>
<status status="PASS" starttime="20220117 09:53:36.388" endtime="20220117 09:53:40.714"/>
</kw>
<kw name="Go To" library="SeleniumLibrary">
<arg>${url}/login</arg>
<doc>Navigates the current browser window to the provided ``url``.</doc>
<msg timestamp="20220117 09:53:40.720" level="INFO">Opening url 'https://training-wheels-protocol.herokuapp.com/login'</msg>
<status status="PASS" starttime="20220117 09:53:40.717" endtime="20220117 09:53:41.260"/>
</kw>
<kw name="Realiza login invalido">
<arg>invalido</arg>
<arg>invalido</arg>
<kw name="Input Text" library="SeleniumLibrary">
<arg>id:userId</arg>
<arg>${user_invalido}</arg>
<doc>Types the given ``text`` into the text field identified by ``locator``.</doc>
<msg timestamp="20220117 09:53:41.261" level="INFO">Typing text 'invalido' into text field 'id:userId'.</msg>
<status status="PASS" starttime="20220117 09:53:41.261" endtime="20220117 09:53:41.354"/>
</kw>
<kw name="Input Text" library="SeleniumLibrary">
<arg>id:passId</arg>
<arg>${pass_invalido}</arg>
<doc>Types the given ``text`` into the text field identified by ``locator``.</doc>
<msg timestamp="20220117 09:53:41.355" level="INFO">Typing text 'invalido' into text field 'id:passId'.</msg>
<status status="PASS" starttime="20220117 09:53:41.354" endtime="20220117 09:53:41.482"/>
</kw>
<kw name="Click Button" library="SeleniumLibrary">
<arg>Login</arg>
<doc>Clicks the button identified by ``locator``.</doc>
<msg timestamp="20220117 09:53:41.484" level="INFO">Clicking button 'Login'.</msg>
<status status="PASS" starttime="20220117 09:53:41.482" endtime="20220117 09:53:42.146"/>
</kw>
<status status="PASS" starttime="20220117 09:53:41.261" endtime="20220117 09:53:42.147"/>
</kw>
<kw name="Valida Login invalido">
<arg>O usuário informado não está cadastrado!</arg>
<kw name="Wait Until Page Contains" library="SeleniumLibrary">
<arg>${mensagem_falha}</arg>
<doc>Waits until ``text`` appears on the current page.</doc>
<status status="PASS" starttime="20220117 09:53:42.151" endtime="20220117 09:53:42.175"/>
</kw>
<kw name="Page Should Contain" library="SeleniumLibrary">
<arg>${mensagem_falha}</arg>
<doc>Verifies that current page contains ``text``.</doc>
<msg timestamp="20220117 09:53:42.190" level="INFO">Current page contains text 'O usuário informado não está cadastrado!'.</msg>
<status status="PASS" starttime="20220117 09:53:42.176" endtime="20220117 09:53:42.190"/>
</kw>
<status status="PASS" starttime="20220117 09:53:42.148" endtime="20220117 09:53:42.190"/>
</kw>
<kw name="Fecha Browser" library="base" type="TEARDOWN">
<kw name="Capture Page Screenshot" library="SeleniumLibrary">
<arg>evidencias/screenshot-{index}.png</arg>
<doc>Takes a screenshot of the current page and embeds it into a log file.</doc>
<msg timestamp="20220117 09:53:42.423" level="INFO" html="true">&lt;/td&gt;&lt;/tr&gt;&lt;tr&gt;&lt;td colspan="3"&gt;&lt;a href="evidencias/screenshot-5.png"&gt;&lt;img src="evidencias/screenshot-5.png" width="800px"&gt;&lt;/a&gt;</msg>
<status status="PASS" starttime="20220117 09:53:42.191" endtime="20220117 09:53:42.423"/>
</kw>
<kw name="Close Browser" library="SeleniumLibrary">
<doc>Closes the current browser.</doc>
<status status="PASS" starttime="20220117 09:53:42.423" endtime="20220117 09:53:44.853"/>
</kw>
<status status="PASS" starttime="20220117 09:53:42.191" endtime="20220117 09:53:44.853"/>
</kw>
<doc>Valida um login invalido</doc>
<tag>LOGIN INVALIDO</tag>
<status status="PASS" starttime="20220117 09:53:36.388" endtime="20220117 09:53:44.854"/>
</test>
<status status="PASS" starttime="20220117 09:53:26.649" endtime="20220117 09:53:44.855"/>
</suite>
<statistics>
<total>
<stat pass="2" fail="0" skip="0">All Tests</stat>
</total>
<tag>
<stat pass="1" fail="0" skip="0">LOGIN INVALIDO</stat>
<stat pass="1" fail="0" skip="0">LOGIN VALIDO</stat>
</tag>
<suite>
<stat pass="2" fail="0" skip="0" id="s1" name="Valida Login">Valida Login</stat>
</suite>
</statistics>
<errors>
</errors>
</robot>
