<?xml version="1.0" encoding="UTF-8"?>
<robot generator="Robot 4.1.3 (Python 3.9.6 on win32)" generated="20220113 10:48:32.722" rpa="false" schemaversion="2">
<suite id="s1" name="Title" source="C:\Users\halison.r.vitorino\git\Curso_robotframework_4\web\title.robot">
<test id="s1-t1" name="Deve validar o titulo da pagina">
<kw name="Open Browser" library="SeleniumLibrary">
<arg>https://training-wheels-protocol.herokuapp.com/</arg>
<arg>chrome</arg>
<doc>Opens a new browser instance to the optional ``url``.</doc>
<msg timestamp="20220113 10:48:32.951" level="INFO">Opening browser 'chrome' to base url 'https://training-wheels-protocol.herokuapp.com/'.</msg>
<status status="PASS" starttime="20220113 10:48:32.951" endtime="20220113 10:48:38.648"/>
</kw>
<kw name="Title Should Be" library="SeleniumLibrary">
<arg>Training Wheels Protocol</arg>
<doc>Verifies that the current page title equals ``title``.</doc>
<msg timestamp="20220113 10:48:38.653" level="INFO">Page title is 'Training Wheels Protocol'.</msg>
<status status="PASS" starttime="20220113 10:48:38.648" endtime="20220113 10:48:38.653"/>
</kw>
<kw name="Close Browser" library="SeleniumLibrary">
<doc>Closes the current browser.</doc>
<status status="PASS" starttime="20220113 10:48:38.653" endtime="20220113 10:48:41.084"/>
</kw>
<status status="PASS" starttime="20220113 10:48:32.950" endtime="20220113 10:48:41.084"/>
</test>
<status status="PASS" starttime="20220113 10:48:32.723" endtime="20220113 10:48:41.086"/>
</suite>
<statistics>
<total>
<stat pass="1" fail="0" skip="0">All Tests</stat>
</total>
<tag>
</tag>
<suite>
<stat pass="1" fail="0" skip="0" id="s1" name="Title">Title</stat>
</suite>
</statistics>
<errors>
</errors>
</robot>
